<?xml version="1.0" encoding="UTF-8"?>
<!-- Generated by org.testng.reporters.JUnitXMLReporter -->
<testsuite hostname="Yemi-PC" ignored="0" name="Test Maven Testng" tests="9" failures="0" timestamp="10 Jul 2021 15:23:20 GMT" time="0.063" errors="0">
  <testcase name="div" time="0.016" classname="com.qa.tests.DemoTest"/>
  <testcase name="sub" time="0.0" classname="com.qa.tests.DemoTest"/>
  <testcase name="sum" time="0.0" classname="com.qa.tests.DemoTest"/>
  <testcase name="div" time="0.0" classname="com.qa.tests.DemoTest1"/>
  <testcase name="sub" time="0.0" classname="com.qa.tests.DemoTest1"/>
  <testcase name="sum" time="0.0" classname="com.qa.tests.DemoTest1"/>
  <testcase name="div" time="0.0" classname="com.qa.tests.DemoTest2"/>
  <testcase name="sub" time="0.0" classname="com.qa.tests.DemoTest2"/>
  <testcase name="sum" time="0.0" classname="com.qa.tests.DemoTest2"/>
</testsuite> <!-- Test Maven Testng -->
