<?xml version="1.0" encoding="UTF-8"?>
<testng-results skipped="0" failed="0" ignored="0" total="3" passed="3">
  <reporter-output>
  </reporter-output>
  <suite name="Default suite" duration-ms="108" started-at="2021-07-10T04:04:12Z" finished-at="2021-07-10T04:04:12Z">
    <groups>
    </groups>
    <test name="Default test" duration-ms="108" started-at="2021-07-10T04:04:12Z" finished-at="2021-07-10T04:04:12Z">
      <class name="com.qa.tests.DemoTest">
        <test-method status="PASS" signature="div()[pri:0, instance:com.qa.tests.DemoTest@51efea79]" name="div" duration-ms="62" started-at="2021-07-10T00:04:12Z" finished-at="2021-07-10T00:04:12Z">
          <reporter-output>
          </reporter-output>
        </test-method> <!-- div -->
        <test-method status="PASS" signature="sub()[pri:0, instance:com.qa.tests.DemoTest@51efea79]" name="sub" duration-ms="3" started-at="2021-07-10T00:04:12Z" finished-at="2021-07-10T00:04:12Z">
          <reporter-output>
          </reporter-output>
        </test-method> <!-- sub -->
        <test-method status="PASS" signature="sum()[pri:0, instance:com.qa.tests.DemoTest@51efea79]" name="sum" duration-ms="2" started-at="2021-07-10T00:04:12Z" finished-at="2021-07-10T00:04:12Z">
          <reporter-output>
          </reporter-output>
        </test-method> <!-- sum -->
      </class> <!-- com.qa.tests.DemoTest -->
    </test> <!-- Default test -->
  </suite> <!-- Default suite -->
</testng-results>
